<html>
<head>
<title>TestNG:  loginTest</title>
<link href="../testng.css" rel="stylesheet" type="text/css" />
<link href="../my-testng.css" rel="stylesheet" type="text/css" />

<style type="text/css">
.log { display: none;} 
.stack-trace { display: none;} 
</style>
<script type="text/javascript">
<!--
function flip(e) {
  current = e.style.display;
  if (current == 'block') {
    e.style.display = 'none';
    return 0;
  }
  else {
    e.style.display = 'block';
    return 1;
  }
}

function toggleBox(szDivId, elem, msg1, msg2)
{
  var res = -1;  if (document.getElementById) {
    res = flip(document.getElementById(szDivId));
  }
  else if (document.all) {
    // this is the way old msie versions work
    res = flip(document.all[szDivId]);
  }
  if(elem) {
    if(res == 0) elem.innerHTML = msg1; else elem.innerHTML = msg2;
  }

}

function toggleAllBoxes() {
  if (document.getElementsByTagName) {
    d = document.getElementsByTagName('div');
    for (i = 0; i < d.length; i++) {
      if (d[i].className == 'log') {
        flip(d[i]);
      }
    }
  }
}

// -->
</script>

</head>
<body>
<h2 align='center'>loginTest</h2><table border='1' align="center">
<tr>
<td>Tests passed/Failed/Skipped:</td><td>3/3/0</td>
</tr><tr>
<td>Started on:</td><td>Fri Jan 08 10:37:09 IST 2021</td>
</tr>
<tr><td>Total time:</td><td>774 seconds (774459 ms)</td>
</tr><tr>
<td>Included groups:</td><td></td>
</tr><tr>
<td>Excluded groups:</td><td></td>
</tr>
</table><p/>
<small><i>(Hover the method name to see the test class name)</i></small><p/>
<table width='100%' border='1' class='invocation-failed'>
<tr><td colspan='4' align='center'><b>FAILED TESTS</b></td></tr>
<tr><td><b>Test method</b></td>
<td width="30%"><b>Exception</b></td>
<td width="10%"><b>Time (seconds)</b></td>
<td><b>Instance</b></td>
</tr>
<tr>
<td title='co.qa.testCase.GeneralTest.bookData()'><b>bookData</b><br>Test class: co.qa.testCase.GeneralTest<br>Test method: Perform Booking<br>Parameters: abc, ABC INDIA PVT. LTD.(AIPL), PUNE, Online, Rajesh, 9001510216, rajesh@test.in, AM, AMEY 9307431221, 9307431221, AMEY@outlook.in, 0122, 12:00PM, Residence, PUNE, Office, MUMBAI, No, No, rdoCash, ERTIGA, LOCAL, 4HRS 40KMS, Self, MH-12-SA-1000 ( ERTIGA ), as, AKID / Asif Tashildar</td>
<td><div><pre>org.openqa.selenium.NoSuchElementException: Cannot locate element with text: MH-12-SA-1000 ( ERTIGA )
For documentation on this error, please visit: http://seleniumhq.org/exceptions/no_such_element.html
Build info: version: &apos;2.53.0&apos;, revision: &apos;35ae25b1534ae328c771e0856c93e187490ca824&apos;, time: &apos;2016-03-15 10:43:46&apos;
System info: host: &apos;LAPTOP-VGLTBCK9&apos;, ip: &apos;192.168.43.227&apos;, os.name: &apos;Windows 10&apos;, os.arch: &apos;amd64&apos;, os.version: &apos;10.0&apos;, java.version: &apos;1.8.0_221&apos;
Driver info: driver.version: unknown
	at org.openqa.selenium.support.ui.Select.selectByVisibleText(Select.java:150)
	at co.qa.pageObject.BookingPage.setchooseVehicleNu(BookingPage.java:378)
	at co.qa.testCase.GeneralTest.bookData(GeneralTest.java:222)
... Removed 25 stack frames</pre></div><a href='#' onClick='toggleBox("stack-trace211031000", this, "Click to show all stack frames", "Click to hide stack frames")'>Click to show all stack frames</a>
<div class='stack-trace' id='stack-trace211031000'><pre>org.openqa.selenium.NoSuchElementException: Cannot locate element with text: MH-12-SA-1000 ( ERTIGA )
For documentation on this error, please visit: http://seleniumhq.org/exceptions/no_such_element.html
Build info: version: &apos;2.53.0&apos;, revision: &apos;35ae25b1534ae328c771e0856c93e187490ca824&apos;, time: &apos;2016-03-15 10:43:46&apos;
System info: host: &apos;LAPTOP-VGLTBCK9&apos;, ip: &apos;192.168.43.227&apos;, os.name: &apos;Windows 10&apos;, os.arch: &apos;amd64&apos;, os.version: &apos;10.0&apos;, java.version: &apos;1.8.0_221&apos;
Driver info: driver.version: unknown
	at org.openqa.selenium.support.ui.Select.selectByVisibleText(Select.java:150)
	at co.qa.pageObject.BookingPage.setchooseVehicleNu(BookingPage.java:378)
	at co.qa.testCase.GeneralTest.bookData(GeneralTest.java:222)
	at sun.reflect.NativeMethodAccessorImpl.invoke0(Native Method)
	at sun.reflect.NativeMethodAccessorImpl.invoke(NativeMethodAccessorImpl.java:62)
	at sun.reflect.DelegatingMethodAccessorImpl.invoke(DelegatingMethodAccessorImpl.java:43)
	at java.lang.reflect.Method.invoke(Method.java:498)
	at org.testng.internal.MethodInvocationHelper.invokeMethod(MethodInvocationHelper.java:124)
	at org.testng.internal.Invoker.invokeMethod(Invoker.java:571)
	at org.testng.internal.Invoker.invokeTestMethod(Invoker.java:707)
	at org.testng.internal.Invoker.invokeTestMethods(Invoker.java:979)
	at org.testng.internal.TestMethodWorker.invokeTestMethods(TestMethodWorker.java:125)
	at org.testng.internal.TestMethodWorker.run(TestMethodWorker.java:109)
	at org.testng.TestRunner.privateRun(TestRunner.java:648)
	at org.testng.TestRunner.run(TestRunner.java:505)
	at org.testng.SuiteRunner.runTest(SuiteRunner.java:455)
	at org.testng.SuiteRunner.runSequentially(SuiteRunner.java:450)
	at org.testng.SuiteRunner.privateRun(SuiteRunner.java:415)
	at org.testng.SuiteRunner.run(SuiteRunner.java:364)
	at org.testng.SuiteRunnerWorker.runSuite(SuiteRunnerWorker.java:52)
	at org.testng.SuiteRunnerWorker.run(SuiteRunnerWorker.java:84)
	at org.testng.TestNG.runSuitesSequentially(TestNG.java:1187)
	at org.testng.TestNG.runSuitesLocally(TestNG.java:1116)
	at org.testng.TestNG.runSuites(TestNG.java:1028)
	at org.testng.TestNG.run(TestNG.java:996)
	at org.testng.remote.AbstractRemoteTestNG.run(AbstractRemoteTestNG.java:114)
	at org.testng.remote.RemoteTestNG.initAndRun(RemoteTestNG.java:251)
	at org.testng.remote.RemoteTestNG.main(RemoteTestNG.java:77)
</pre></div></td>
<td>133</td>
<td>co.qa.testCase.GeneralTest@3bfdc050</td></tr>
<tr>
<td title='co.qa.testCase.GeneralTest.bookData()'><b>bookData</b><br>Test class: co.qa.testCase.GeneralTest<br>Test method: Perform Booking<br>Parameters: abc, ABC INDIA PVT. LTD.(AIPL), PUNE, Online, Rajesh, 9001510216, rajesh@test.in, AM, AMEY 9307431221, 9307431221, AMEY@outlook.in, 0123, 12:00PM, Residence, PUNE, Office, MUMBAI, No, No, rdoCash, SWIFT DEZIRE, LOCAL, 4HRS 40KMS, Self, MH-12-SA-4000 ( SWIFT DEZIRE ), sa, SALMAN K</td>
<td><div><pre>org.openqa.selenium.NoSuchElementException: Cannot locate element with text: MH-12-SA-4000 ( SWIFT DEZIRE )
For documentation on this error, please visit: http://seleniumhq.org/exceptions/no_such_element.html
Build info: version: &apos;2.53.0&apos;, revision: &apos;35ae25b1534ae328c771e0856c93e187490ca824&apos;, time: &apos;2016-03-15 10:43:46&apos;
System info: host: &apos;LAPTOP-VGLTBCK9&apos;, ip: &apos;192.168.43.227&apos;, os.name: &apos;Windows 10&apos;, os.arch: &apos;amd64&apos;, os.version: &apos;10.0&apos;, java.version: &apos;1.8.0_221&apos;
Driver info: driver.version: unknown
	at org.openqa.selenium.support.ui.Select.selectByVisibleText(Select.java:150)
	at co.qa.pageObject.BookingPage.setchooseVehicleNu(BookingPage.java:378)
	at co.qa.testCase.GeneralTest.bookData(GeneralTest.java:222)
... Removed 25 stack frames</pre></div><a href='#' onClick='toggleBox("stack-trace52451302", this, "Click to show all stack frames", "Click to hide stack frames")'>Click to show all stack frames</a>
<div class='stack-trace' id='stack-trace52451302'><pre>org.openqa.selenium.NoSuchElementException: Cannot locate element with text: MH-12-SA-4000 ( SWIFT DEZIRE )
For documentation on this error, please visit: http://seleniumhq.org/exceptions/no_such_element.html
Build info: version: &apos;2.53.0&apos;, revision: &apos;35ae25b1534ae328c771e0856c93e187490ca824&apos;, time: &apos;2016-03-15 10:43:46&apos;
System info: host: &apos;LAPTOP-VGLTBCK9&apos;, ip: &apos;192.168.43.227&apos;, os.name: &apos;Windows 10&apos;, os.arch: &apos;amd64&apos;, os.version: &apos;10.0&apos;, java.version: &apos;1.8.0_221&apos;
Driver info: driver.version: unknown
	at org.openqa.selenium.support.ui.Select.selectByVisibleText(Select.java:150)
	at co.qa.pageObject.BookingPage.setchooseVehicleNu(BookingPage.java:378)
	at co.qa.testCase.GeneralTest.bookData(GeneralTest.java:222)
	at sun.reflect.NativeMethodAccessorImpl.invoke0(Native Method)
	at sun.reflect.NativeMethodAccessorImpl.invoke(NativeMethodAccessorImpl.java:62)
	at sun.reflect.DelegatingMethodAccessorImpl.invoke(DelegatingMethodAccessorImpl.java:43)
	at java.lang.reflect.Method.invoke(Method.java:498)
	at org.testng.internal.MethodInvocationHelper.invokeMethod(MethodInvocationHelper.java:124)
	at org.testng.internal.Invoker.invokeMethod(Invoker.java:571)
	at org.testng.internal.Invoker.invokeTestMethod(Invoker.java:707)
	at org.testng.internal.Invoker.invokeTestMethods(Invoker.java:979)
	at org.testng.internal.TestMethodWorker.invokeTestMethods(TestMethodWorker.java:125)
	at org.testng.internal.TestMethodWorker.run(TestMethodWorker.java:109)
	at org.testng.TestRunner.privateRun(TestRunner.java:648)
	at org.testng.TestRunner.run(TestRunner.java:505)
	at org.testng.SuiteRunner.runTest(SuiteRunner.java:455)
	at org.testng.SuiteRunner.runSequentially(SuiteRunner.java:450)
	at org.testng.SuiteRunner.privateRun(SuiteRunner.java:415)
	at org.testng.SuiteRunner.run(SuiteRunner.java:364)
	at org.testng.SuiteRunnerWorker.runSuite(SuiteRunnerWorker.java:52)
	at org.testng.SuiteRunnerWorker.run(SuiteRunnerWorker.java:84)
	at org.testng.TestNG.runSuitesSequentially(TestNG.java:1187)
	at org.testng.TestNG.runSuitesLocally(TestNG.java:1116)
	at org.testng.TestNG.runSuites(TestNG.java:1028)
	at org.testng.TestNG.run(TestNG.java:996)
	at org.testng.remote.AbstractRemoteTestNG.run(AbstractRemoteTestNG.java:114)
	at org.testng.remote.RemoteTestNG.initAndRun(RemoteTestNG.java:251)
	at org.testng.remote.RemoteTestNG.main(RemoteTestNG.java:77)
</pre></div></td>
<td>132</td>
<td>co.qa.testCase.GeneralTest@3bfdc050</td></tr>
<tr>
<td title='co.qa.testCase.GeneralTest.bookData()'><b>bookData</b><br>Test class: co.qa.testCase.GeneralTest<br>Test method: Perform Booking<br>Parameters: abc, ABC INDIA PVT. LTD.(AIPL), PUNE, Online, Rajesh, 9001510216, rajesh@test.in, AM, AMEY 9307431221, 9307431221, AMEY@outlook.in, 0124, 12:00PM, Residence, PUNE, Office, MUMBAI, No, No, rdoCash, SWIFT DEZIRE, LOCAL, 4HRS 40KMS, Self, MH-12-CB-2644 ( SWIFT DEZIRE ), sa, SAKID / Rajmudra</td>
<td><div><pre>org.openqa.selenium.NoSuchElementException: Cannot locate element with text: MH-12-CB-2644 ( SWIFT DEZIRE )
For documentation on this error, please visit: http://seleniumhq.org/exceptions/no_such_element.html
Build info: version: &apos;2.53.0&apos;, revision: &apos;35ae25b1534ae328c771e0856c93e187490ca824&apos;, time: &apos;2016-03-15 10:43:46&apos;
System info: host: &apos;LAPTOP-VGLTBCK9&apos;, ip: &apos;192.168.43.227&apos;, os.name: &apos;Windows 10&apos;, os.arch: &apos;amd64&apos;, os.version: &apos;10.0&apos;, java.version: &apos;1.8.0_221&apos;
Driver info: driver.version: unknown
	at org.openqa.selenium.support.ui.Select.selectByVisibleText(Select.java:150)
	at co.qa.pageObject.BookingPage.setchooseVehicleNu(BookingPage.java:378)
	at co.qa.testCase.GeneralTest.bookData(GeneralTest.java:222)
... Removed 25 stack frames</pre></div><a href='#' onClick='toggleBox("stack-trace1416665097", this, "Click to show all stack frames", "Click to hide stack frames")'>Click to show all stack frames</a>
<div class='stack-trace' id='stack-trace1416665097'><pre>org.openqa.selenium.NoSuchElementException: Cannot locate element with text: MH-12-CB-2644 ( SWIFT DEZIRE )
For documentation on this error, please visit: http://seleniumhq.org/exceptions/no_such_element.html
Build info: version: &apos;2.53.0&apos;, revision: &apos;35ae25b1534ae328c771e0856c93e187490ca824&apos;, time: &apos;2016-03-15 10:43:46&apos;
System info: host: &apos;LAPTOP-VGLTBCK9&apos;, ip: &apos;192.168.43.227&apos;, os.name: &apos;Windows 10&apos;, os.arch: &apos;amd64&apos;, os.version: &apos;10.0&apos;, java.version: &apos;1.8.0_221&apos;
Driver info: driver.version: unknown
	at org.openqa.selenium.support.ui.Select.selectByVisibleText(Select.java:150)
	at co.qa.pageObject.BookingPage.setchooseVehicleNu(BookingPage.java:378)
	at co.qa.testCase.GeneralTest.bookData(GeneralTest.java:222)
	at sun.reflect.NativeMethodAccessorImpl.invoke0(Native Method)
	at sun.reflect.NativeMethodAccessorImpl.invoke(NativeMethodAccessorImpl.java:62)
	at sun.reflect.DelegatingMethodAccessorImpl.invoke(DelegatingMethodAccessorImpl.java:43)
	at java.lang.reflect.Method.invoke(Method.java:498)
	at org.testng.internal.MethodInvocationHelper.invokeMethod(MethodInvocationHelper.java:124)
	at org.testng.internal.Invoker.invokeMethod(Invoker.java:571)
	at org.testng.internal.Invoker.invokeTestMethod(Invoker.java:707)
	at org.testng.internal.Invoker.invokeTestMethods(Invoker.java:979)
	at org.testng.internal.TestMethodWorker.invokeTestMethods(TestMethodWorker.java:125)
	at org.testng.internal.TestMethodWorker.run(TestMethodWorker.java:109)
	at org.testng.TestRunner.privateRun(TestRunner.java:648)
	at org.testng.TestRunner.run(TestRunner.java:505)
	at org.testng.SuiteRunner.runTest(SuiteRunner.java:455)
	at org.testng.SuiteRunner.runSequentially(SuiteRunner.java:450)
	at org.testng.SuiteRunner.privateRun(SuiteRunner.java:415)
	at org.testng.SuiteRunner.run(SuiteRunner.java:364)
	at org.testng.SuiteRunnerWorker.runSuite(SuiteRunnerWorker.java:52)
	at org.testng.SuiteRunnerWorker.run(SuiteRunnerWorker.java:84)
	at org.testng.TestNG.runSuitesSequentially(TestNG.java:1187)
	at org.testng.TestNG.runSuitesLocally(TestNG.java:1116)
	at org.testng.TestNG.runSuites(TestNG.java:1028)
	at org.testng.TestNG.run(TestNG.java:996)
	at org.testng.remote.AbstractRemoteTestNG.run(AbstractRemoteTestNG.java:114)
	at org.testng.remote.RemoteTestNG.initAndRun(RemoteTestNG.java:251)
	at org.testng.remote.RemoteTestNG.main(RemoteTestNG.java:77)
</pre></div></td>
<td>132</td>
<td>co.qa.testCase.GeneralTest@3bfdc050</td></tr>
</table><p>
<table width='100%' border='1' class='invocation-passed'>
<tr><td colspan='4' align='center'><b>PASSED TESTS</b></td></tr>
<tr><td><b>Test method</b></td>
<td width="30%"><b>Exception</b></td>
<td width="10%"><b>Time (seconds)</b></td>
<td><b>Instance</b></td>
</tr>
<tr>
<td title='co.qa.testCase.GeneralTest.bookData()'><b>bookData</b><br>Test class: co.qa.testCase.GeneralTest<br>Test method: Perform Booking<br>Parameters: abc, ABC INDIA PVT. LTD.(AIPL), PUNE, Online, Rajesh, 9001510216, rajesh@test.in, AM, AMEY 9307431221, 9307431221, AMEY@outlook.in, 0121, 12:00PM, Residence, PUNE, Office, MUMBAI, No, No, rdoCash, SWIFT DEZIRE, LOCAL, 4HRS 40KMS, Vendor, AN-01-AS-2323 ( SWIFT DEZIRE ), sa, SABER S</td>
<td></td>
<td>166</td>
<td>co.qa.testCase.GeneralTest@3bfdc050</td></tr>
<tr>
<td title='co.qa.testCase.GeneralTest.bookData()'><b>bookData</b><br>Test class: co.qa.testCase.GeneralTest<br>Test method: Perform Booking<br>Parameters: abc, ABC INDIA PVT. LTD.(AIPL), PUNE, Online, Rajesh, 9001510216, rajesh@test.in, AM, AMEY 9307431221, 9307431221, AMEY@outlook.in, 0125, 12:00PM, Residence, PUNE, Office, MUMBAI, No, No, rdoCash, SWIFT DEZIRE, LOCAL, 4HRS 40KMS, Vendor, MH-12-SA-2000 ( SWIFT DEZIRE ), ki, KIRAN SONAWANE / Vikas T</td>
<td></td>
<td>166</td>
<td>co.qa.testCase.GeneralTest@3bfdc050</td></tr>
<tr>
<td title='co.qa.testCase.GeneralTest.loginTest()'><b>loginTest</b><br>Test class: co.qa.testCase.GeneralTest<br>Test method: Login to App</td>
<td></td>
<td>30</td>
<td>co.qa.testCase.GeneralTest@3bfdc050</td></tr>
</table><p>
</body>
</html>