<!DOCTYPE html PUBLIC "-//W3C//DTD XHTML 1.1//EN" "http://www.w3.org/TR/xhtml11/DTD/xhtml11.dtd">
<html xmlns="http://www.w3.org/1999/xhtml">
<head>
<meta http-equiv="content-type" content="text/html; charset=UTF-8"/>
<title>TestNG Report</title>
<style type="text/css">table {margin-bottom:10px;border-collapse:collapse;empty-cells:show}th,td {border:1px solid #009;padding:.25em .5em}th {vertical-align:bottom}td {vertical-align:top}table a {font-weight:bold}.stripe td {background-color: #E6EBF9}.num {text-align:right}.passedodd td {background-color: #3F3}.passedeven td {background-color: #0A0}.skippedodd td {background-color: #DDD}.skippedeven td {background-color: #CCC}.failedodd td,.attn {background-color: #F33}.failedeven td,.stripe .attn {background-color: #D00}.stacktrace {white-space:pre;font-family:monospace}.totop {font-size:85%;text-align:center;border-bottom:2px solid #000}.invisible {display:none}</style>
</head>
<body>
<table>
<tr><th>Test</th><th># Passed</th><th># Skipped</th><th># Failed</th><th>Time (ms)</th><th>Included Groups</th><th>Excluded Groups</th></tr>
<tr><th colspan="7">MyFleet</th></tr>
<tr><td><a href="#t0">loginTest</a></td><td class="num">3</td><td class="num">0</td><td class="num attn">3</td><td class="num">774,459</td><td></td><td></td></tr>
</table>
<table id='summary'><thead><tr><th>Class</th><th>Method</th><th>Start</th><th>Time (ms)</th></tr></thead><tbody><tr><th colspan="4">MyFleet</th></tr></tbody><tbody id="t0"><tr><th colspan="4">loginTest &#8212; failed</th></tr><tr class="failedeven"><td rowspan="3">co.qa.testCase.GeneralTest</td><td><a href="#m0">bookData</a></td><td rowspan="3">1610082772234</td><td rowspan="3">132963</td></tr><tr class="failedeven"><td><a href="#m1">bookData</a></td></tr><tr class="failedeven"><td><a href="#m2">bookData</a></td></tr><tr><th colspan="4">loginTest &#8212; passed</th></tr><tr class="passedeven"><td rowspan="3">co.qa.testCase.GeneralTest</td><td><a href="#m3">bookData</a></td><td rowspan="2">1610082472667</td><td rowspan="2">166260</td></tr><tr class="passedeven"><td><a href="#m4">bookData</a></td></tr><tr class="passedeven"><td><a href="#m5">loginTest</a></td><td rowspan="1">1610082437293</td><td rowspan="1">30223</td></tr></tbody>
</table>
<h2>loginTest</h2><h3 id="m0">co.qa.testCase.GeneralTest#bookData</h3><table class="result"><tr class="param"><th>Parameter #1</th><th>Parameter #2</th><th>Parameter #3</th><th>Parameter #4</th><th>Parameter #5</th><th>Parameter #6</th><th>Parameter #7</th><th>Parameter #8</th><th>Parameter #9</th><th>Parameter #10</th><th>Parameter #11</th><th>Parameter #12</th><th>Parameter #13</th><th>Parameter #14</th><th>Parameter #15</th><th>Parameter #16</th><th>Parameter #17</th><th>Parameter #18</th><th>Parameter #19</th><th>Parameter #20</th><th>Parameter #21</th><th>Parameter #22</th><th>Parameter #23</th><th>Parameter #24</th><th>Parameter #25</th><th>Parameter #26</th><th>Parameter #27</th></tr><tr class="param stripe"><td>abc</td><td>ABC INDIA PVT. LTD.(AIPL)</td><td>PUNE</td><td>Online</td><td>Rajesh</td><td>9001510216</td><td>rajesh@test.in</td><td>AM</td><td>AMEY 9307431221</td><td>9307431221</td><td>AMEY@outlook.in</td><td>0123</td><td>12:00PM</td><td>Residence</td><td>PUNE</td><td>Office</td><td>MUMBAI</td><td>No</td><td>No</td><td>rdoCash</td><td>SWIFT DEZIRE</td><td>LOCAL</td><td>4HRS 40KMS</td><td>Self</td><td>MH-12-SA-4000 ( SWIFT DEZIRE )</td><td>sa</td><td>SALMAN K</td></tr><tr><th colspan="27">Exception</th></tr><tr><td colspan="27"><div class="stacktrace">org.openqa.selenium.NoSuchElementException: Cannot locate element with text: MH-12-SA-4000 ( SWIFT DEZIRE )
For documentation on this error, please visit: http://seleniumhq.org/exceptions/no_such_element.html
Build info: version: &apos;2.53.0&apos;, revision: &apos;35ae25b1534ae328c771e0856c93e187490ca824&apos;, time: &apos;2016-03-15 10:43:46&apos;
System info: host: &apos;LAPTOP-VGLTBCK9&apos;, ip: &apos;192.168.43.227&apos;, os.name: &apos;Windows 10&apos;, os.arch: &apos;amd64&apos;, os.version: &apos;10.0&apos;, java.version: &apos;1.8.0_221&apos;
Driver info: driver.version: unknown
	at org.openqa.selenium.support.ui.Select.selectByVisibleText(Select.java:150)
	at co.qa.pageObject.BookingPage.setchooseVehicleNu(BookingPage.java:378)
	at co.qa.testCase.GeneralTest.bookData(GeneralTest.java:222)
... Removed 25 stack frames</div></td></tr></table><p class="totop"><a href="#summary">back to summary</a></p>
<h3 id="m1">co.qa.testCase.GeneralTest#bookData</h3><table class="result"><tr class="param"><th>Parameter #1</th><th>Parameter #2</th><th>Parameter #3</th><th>Parameter #4</th><th>Parameter #5</th><th>Parameter #6</th><th>Parameter #7</th><th>Parameter #8</th><th>Parameter #9</th><th>Parameter #10</th><th>Parameter #11</th><th>Parameter #12</th><th>Parameter #13</th><th>Parameter #14</th><th>Parameter #15</th><th>Parameter #16</th><th>Parameter #17</th><th>Parameter #18</th><th>Parameter #19</th><th>Parameter #20</th><th>Parameter #21</th><th>Parameter #22</th><th>Parameter #23</th><th>Parameter #24</th><th>Parameter #25</th><th>Parameter #26</th><th>Parameter #27</th></tr><tr class="param stripe"><td>abc</td><td>ABC INDIA PVT. LTD.(AIPL)</td><td>PUNE</td><td>Online</td><td>Rajesh</td><td>9001510216</td><td>rajesh@test.in</td><td>AM</td><td>AMEY 9307431221</td><td>9307431221</td><td>AMEY@outlook.in</td><td>0124</td><td>12:00PM</td><td>Residence</td><td>PUNE</td><td>Office</td><td>MUMBAI</td><td>No</td><td>No</td><td>rdoCash</td><td>SWIFT DEZIRE</td><td>LOCAL</td><td>4HRS 40KMS</td><td>Self</td><td>MH-12-CB-2644 ( SWIFT DEZIRE )</td><td>sa</td><td>SAKID / Rajmudra</td></tr><tr><th colspan="27">Exception</th></tr><tr><td colspan="27"><div class="stacktrace">org.openqa.selenium.NoSuchElementException: Cannot locate element with text: MH-12-CB-2644 ( SWIFT DEZIRE )
For documentation on this error, please visit: http://seleniumhq.org/exceptions/no_such_element.html
Build info: version: &apos;2.53.0&apos;, revision: &apos;35ae25b1534ae328c771e0856c93e187490ca824&apos;, time: &apos;2016-03-15 10:43:46&apos;
System info: host: &apos;LAPTOP-VGLTBCK9&apos;, ip: &apos;192.168.43.227&apos;, os.name: &apos;Windows 10&apos;, os.arch: &apos;amd64&apos;, os.version: &apos;10.0&apos;, java.version: &apos;1.8.0_221&apos;
Driver info: driver.version: unknown
	at org.openqa.selenium.support.ui.Select.selectByVisibleText(Select.java:150)
	at co.qa.pageObject.BookingPage.setchooseVehicleNu(BookingPage.java:378)
	at co.qa.testCase.GeneralTest.bookData(GeneralTest.java:222)
... Removed 25 stack frames</div></td></tr></table><p class="totop"><a href="#summary">back to summary</a></p>
<h3 id="m2">co.qa.testCase.GeneralTest#bookData</h3><table class="result"><tr class="param"><th>Parameter #1</th><th>Parameter #2</th><th>Parameter #3</th><th>Parameter #4</th><th>Parameter #5</th><th>Parameter #6</th><th>Parameter #7</th><th>Parameter #8</th><th>Parameter #9</th><th>Parameter #10</th><th>Parameter #11</th><th>Parameter #12</th><th>Parameter #13</th><th>Parameter #14</th><th>Parameter #15</th><th>Parameter #16</th><th>Parameter #17</th><th>Parameter #18</th><th>Parameter #19</th><th>Parameter #20</th><th>Parameter #21</th><th>Parameter #22</th><th>Parameter #23</th><th>Parameter #24</th><th>Parameter #25</th><th>Parameter #26</th><th>Parameter #27</th></tr><tr class="param stripe"><td>abc</td><td>ABC INDIA PVT. LTD.(AIPL)</td><td>PUNE</td><td>Online</td><td>Rajesh</td><td>9001510216</td><td>rajesh@test.in</td><td>AM</td><td>AMEY 9307431221</td><td>9307431221</td><td>AMEY@outlook.in</td><td>0122</td><td>12:00PM</td><td>Residence</td><td>PUNE</td><td>Office</td><td>MUMBAI</td><td>No</td><td>No</td><td>rdoCash</td><td>ERTIGA</td><td>LOCAL</td><td>4HRS 40KMS</td><td>Self</td><td>MH-12-SA-1000 ( ERTIGA )</td><td>as</td><td>AKID / Asif Tashildar</td></tr><tr><th colspan="27">Exception</th></tr><tr><td colspan="27"><div class="stacktrace">org.openqa.selenium.NoSuchElementException: Cannot locate element with text: MH-12-SA-1000 ( ERTIGA )
For documentation on this error, please visit: http://seleniumhq.org/exceptions/no_such_element.html
Build info: version: &apos;2.53.0&apos;, revision: &apos;35ae25b1534ae328c771e0856c93e187490ca824&apos;, time: &apos;2016-03-15 10:43:46&apos;
System info: host: &apos;LAPTOP-VGLTBCK9&apos;, ip: &apos;192.168.43.227&apos;, os.name: &apos;Windows 10&apos;, os.arch: &apos;amd64&apos;, os.version: &apos;10.0&apos;, java.version: &apos;1.8.0_221&apos;
Driver info: driver.version: unknown
	at org.openqa.selenium.support.ui.Select.selectByVisibleText(Select.java:150)
	at co.qa.pageObject.BookingPage.setchooseVehicleNu(BookingPage.java:378)
	at co.qa.testCase.GeneralTest.bookData(GeneralTest.java:222)
... Removed 25 stack frames</div></td></tr></table><p class="totop"><a href="#summary">back to summary</a></p>
<h3 id="m3">co.qa.testCase.GeneralTest#bookData</h3><table class="result"><tr class="param"><th>Parameter #1</th><th>Parameter #2</th><th>Parameter #3</th><th>Parameter #4</th><th>Parameter #5</th><th>Parameter #6</th><th>Parameter #7</th><th>Parameter #8</th><th>Parameter #9</th><th>Parameter #10</th><th>Parameter #11</th><th>Parameter #12</th><th>Parameter #13</th><th>Parameter #14</th><th>Parameter #15</th><th>Parameter #16</th><th>Parameter #17</th><th>Parameter #18</th><th>Parameter #19</th><th>Parameter #20</th><th>Parameter #21</th><th>Parameter #22</th><th>Parameter #23</th><th>Parameter #24</th><th>Parameter #25</th><th>Parameter #26</th><th>Parameter #27</th></tr><tr class="param stripe"><td>abc</td><td>ABC INDIA PVT. LTD.(AIPL)</td><td>PUNE</td><td>Online</td><td>Rajesh</td><td>9001510216</td><td>rajesh@test.in</td><td>AM</td><td>AMEY 9307431221</td><td>9307431221</td><td>AMEY@outlook.in</td><td>0121</td><td>12:00PM</td><td>Residence</td><td>PUNE</td><td>Office</td><td>MUMBAI</td><td>No</td><td>No</td><td>rdoCash</td><td>SWIFT DEZIRE</td><td>LOCAL</td><td>4HRS 40KMS</td><td>Vendor</td><td>AN-01-AS-2323 ( SWIFT DEZIRE )</td><td>sa</td><td>SABER S</td></tr></table><p class="totop"><a href="#summary">back to summary</a></p>
<h3 id="m4">co.qa.testCase.GeneralTest#bookData</h3><table class="result"><tr class="param"><th>Parameter #1</th><th>Parameter #2</th><th>Parameter #3</th><th>Parameter #4</th><th>Parameter #5</th><th>Parameter #6</th><th>Parameter #7</th><th>Parameter #8</th><th>Parameter #9</th><th>Parameter #10</th><th>Parameter #11</th><th>Parameter #12</th><th>Parameter #13</th><th>Parameter #14</th><th>Parameter #15</th><th>Parameter #16</th><th>Parameter #17</th><th>Parameter #18</th><th>Parameter #19</th><th>Parameter #20</th><th>Parameter #21</th><th>Parameter #22</th><th>Parameter #23</th><th>Parameter #24</th><th>Parameter #25</th><th>Parameter #26</th><th>Parameter #27</th></tr><tr class="param stripe"><td>abc</td><td>ABC INDIA PVT. LTD.(AIPL)</td><td>PUNE</td><td>Online</td><td>Rajesh</td><td>9001510216</td><td>rajesh@test.in</td><td>AM</td><td>AMEY 9307431221</td><td>9307431221</td><td>AMEY@outlook.in</td><td>0125</td><td>12:00PM</td><td>Residence</td><td>PUNE</td><td>Office</td><td>MUMBAI</td><td>No</td><td>No</td><td>rdoCash</td><td>SWIFT DEZIRE</td><td>LOCAL</td><td>4HRS 40KMS</td><td>Vendor</td><td>MH-12-SA-2000 ( SWIFT DEZIRE )</td><td>ki</td><td>KIRAN SONAWANE / Vikas T</td></tr></table><p class="totop"><a href="#summary">back to summary</a></p>
<h3 id="m5">co.qa.testCase.GeneralTest#loginTest</h3><table class="result"><tr><th class="invisible"/></tr></table><p class="totop"><a href="#summary">back to summary</a></p>
</body>
</html>
