<?xml version="1.0" encoding="UTF-8"?>
<!-- Generated by org.testng.reporters.JUnitXMLReporter -->
<testsuite hostname="LAPTOP-VGLTBCK9" ignored="1" name="loginTest" tests="6" failures="3" timestamp="08 Jan 2021 05:20:03 GMT" time="774.459" errors="0">
  <testcase name="loginTest" time="30.223" classname="co.qa.testCase.GeneralTest"/>
  <testcase name="bookData" time="166.26" classname="co.qa.testCase.GeneralTest"/>
  <testcase name="bookData" time="133.275" classname="co.qa.testCase.GeneralTest">
    <failure type="org.openqa.selenium.NoSuchElementException" message="Cannot locate element with text: MH-12-SA-1000 ( ERTIGA )
For documentation on this error, please visit: http://seleniumhq.org/exceptions/no_such_element.html
Build info: version: &amp;apos;2.53.0&amp;apos;, revision: &amp;apos;35ae25b1534ae328c771e0856c93e187490ca824&amp;apos;, time: &amp;apos;2016-03-15 10:43:46&amp;apos;
System info: host: &amp;apos;LAPTOP-VGLTBCK9&amp;apos;, ip: &amp;apos;192.168.43.227&amp;apos;, os.name: &amp;apos;Windows 10&amp;apos;, os.arch: &amp;apos;amd64&amp;apos;, os.version: &amp;apos;10.0&amp;apos;, java.version: &amp;apos;1.8.0_221&amp;apos;
Driver info: driver.version: unknown">
      <![CDATA[org.openqa.selenium.NoSuchElementException: Cannot locate element with text: MH-12-SA-1000 ( ERTIGA )For documentation on this error, please visit: http://seleniumhq.org/exceptions/no_such_element.htmlBuild info: version: '2.53.0', revision: '35ae25b1534ae328c771e0856c93e187490ca824', time: '2016-03-15 10:43:46'System info: host: 'LAPTOP-VGLTBCK9', ip: '192.168.43.227', os.name: 'Windows 10', os.arch: 'amd64', os.version: '10.0', java.version: '1.8.0_221'Driver info: driver.version: unknownat org.openqa.selenium.support.ui.Select.selectByVisibleText(Select.java:150)at co.qa.pageObject.BookingPage.setchooseVehicleNu(BookingPage.java:378)at co.qa.testCase.GeneralTest.bookData(GeneralTest.java:222)... Removed 25 stack frames]]>
    </failure>
  </testcase> <!-- bookData -->
  <testcase name="bookData" time="132.963" classname="co.qa.testCase.GeneralTest">
    <failure type="org.openqa.selenium.NoSuchElementException" message="Cannot locate element with text: MH-12-SA-4000 ( SWIFT DEZIRE )
For documentation on this error, please visit: http://seleniumhq.org/exceptions/no_such_element.html
Build info: version: &amp;apos;2.53.0&amp;apos;, revision: &amp;apos;35ae25b1534ae328c771e0856c93e187490ca824&amp;apos;, time: &amp;apos;2016-03-15 10:43:46&amp;apos;
System info: host: &amp;apos;LAPTOP-VGLTBCK9&amp;apos;, ip: &amp;apos;192.168.43.227&amp;apos;, os.name: &amp;apos;Windows 10&amp;apos;, os.arch: &amp;apos;amd64&amp;apos;, os.version: &amp;apos;10.0&amp;apos;, java.version: &amp;apos;1.8.0_221&amp;apos;
Driver info: driver.version: unknown">
      <![CDATA[org.openqa.selenium.NoSuchElementException: Cannot locate element with text: MH-12-SA-4000 ( SWIFT DEZIRE )For documentation on this error, please visit: http://seleniumhq.org/exceptions/no_such_element.htmlBuild info: version: '2.53.0', revision: '35ae25b1534ae328c771e0856c93e187490ca824', time: '2016-03-15 10:43:46'System info: host: 'LAPTOP-VGLTBCK9', ip: '192.168.43.227', os.name: 'Windows 10', os.arch: 'amd64', os.version: '10.0', java.version: '1.8.0_221'Driver info: driver.version: unknownat org.openqa.selenium.support.ui.Select.selectByVisibleText(Select.java:150)at co.qa.pageObject.BookingPage.setchooseVehicleNu(BookingPage.java:378)at co.qa.testCase.GeneralTest.bookData(GeneralTest.java:222)... Removed 25 stack frames]]>
    </failure>
  </testcase> <!-- bookData -->
  <testcase name="bookData" time="132.025" classname="co.qa.testCase.GeneralTest">
    <failure type="org.openqa.selenium.NoSuchElementException" message="Cannot locate element with text: MH-12-CB-2644 ( SWIFT DEZIRE )
For documentation on this error, please visit: http://seleniumhq.org/exceptions/no_such_element.html
Build info: version: &amp;apos;2.53.0&amp;apos;, revision: &amp;apos;35ae25b1534ae328c771e0856c93e187490ca824&amp;apos;, time: &amp;apos;2016-03-15 10:43:46&amp;apos;
System info: host: &amp;apos;LAPTOP-VGLTBCK9&amp;apos;, ip: &amp;apos;192.168.43.227&amp;apos;, os.name: &amp;apos;Windows 10&amp;apos;, os.arch: &amp;apos;amd64&amp;apos;, os.version: &amp;apos;10.0&amp;apos;, java.version: &amp;apos;1.8.0_221&amp;apos;
Driver info: driver.version: unknown">
      <![CDATA[org.openqa.selenium.NoSuchElementException: Cannot locate element with text: MH-12-CB-2644 ( SWIFT DEZIRE )For documentation on this error, please visit: http://seleniumhq.org/exceptions/no_such_element.htmlBuild info: version: '2.53.0', revision: '35ae25b1534ae328c771e0856c93e187490ca824', time: '2016-03-15 10:43:46'System info: host: 'LAPTOP-VGLTBCK9', ip: '192.168.43.227', os.name: 'Windows 10', os.arch: 'amd64', os.version: '10.0', java.version: '1.8.0_221'Driver info: driver.version: unknownat org.openqa.selenium.support.ui.Select.selectByVisibleText(Select.java:150)at co.qa.pageObject.BookingPage.setchooseVehicleNu(BookingPage.java:378)at co.qa.testCase.GeneralTest.bookData(GeneralTest.java:222)... Removed 25 stack frames]]>
    </failure>
  </testcase> <!-- bookData -->
  <testcase name="bookData" time="166.496" classname="co.qa.testCase.GeneralTest"/>
  <testcase name="addFuelData" time="0.0" classname="co.qa.testCase.GeneralTest">
    <ignored/>
  </testcase> <!-- addFuelData -->
</testsuite> <!-- loginTest -->
