<?xml version="1.0" encoding="UTF-8"?>
<testng-results skipped="0" failed="3" ignored="1" total="7" passed="3">
  <reporter-output>
  </reporter-output>
  <suite name="MyFleet" duration-ms="774459" started-at="2021-01-08T05:07:09Z" finished-at="2021-01-08T05:20:03Z">
    <groups>
    </groups>
    <test name="loginTest" duration-ms="774459" started-at="2021-01-08T05:07:09Z" finished-at="2021-01-08T05:20:03Z">
      <class name="co.qa.testCase.GeneralTest">
        <test-method status="PASS" signature="setUp(java.lang.String)[pri:0, instance:co.qa.testCase.GeneralTest@3bfdc050]" name="setUp" is-config="true" duration-ms="7990" started-at="2021-01-08T10:37:09Z" finished-at="2021-01-08T10:37:17Z">
          <params>
            <param index="0">
              <value>
                <![CDATA[chrome]]>
              </value>
            </param>
          </params>
          <reporter-output>
          </reporter-output>
        </test-method> <!-- setUp -->
        <test-method status="PASS" signature="loginTest()[pri:0, instance:co.qa.testCase.GeneralTest@3bfdc050]" name="loginTest" duration-ms="30223" started-at="2021-01-08T10:37:17Z" description="Login to App" finished-at="2021-01-08T10:37:47Z">
          <reporter-output>
          </reporter-output>
        </test-method> <!-- loginTest -->
        <test-method status="PASS" signature="bookData(java.lang.String, java.lang.String, java.lang.String, java.lang.String, java.lang.String, java.lang.String, java.lang.String, java.lang.String, java.lang.String, java.lang.String, java.lang.String, java.lang.String, java.lang.String, java.lang.String, java.lang.String, java.lang.String, java.lang.String, java.lang.String, java.lang.String, java.lang.String, java.lang.String, java.lang.String, java.lang.String, java.lang.String, java.lang.String, java.lang.String, java.lang.String)[pri:0, instance:co.qa.testCase.GeneralTest@3bfdc050]" name="bookData" duration-ms="166260" started-at="2021-01-08T10:37:52Z" description="Perform Booking" data-provider="BookingMode" finished-at="2021-01-08T10:40:38Z">
          <params>
            <param index="0">
              <value>
                <![CDATA[abc]]>
              </value>
            </param>
            <param index="1">
              <value>
                <![CDATA[ABC INDIA PVT. LTD.(AIPL)]]>
              </value>
            </param>
            <param index="2">
              <value>
                <![CDATA[PUNE]]>
              </value>
            </param>
            <param index="3">
              <value>
                <![CDATA[Online]]>
              </value>
            </param>
            <param index="4">
              <value>
                <![CDATA[Rajesh]]>
              </value>
            </param>
            <param index="5">
              <value>
                <![CDATA[9001510216]]>
              </value>
            </param>
            <param index="6">
              <value>
                <![CDATA[rajesh@test.in]]>
              </value>
            </param>
            <param index="7">
              <value>
                <![CDATA[AM]]>
              </value>
            </param>
            <param index="8">
              <value>
                <![CDATA[AMEY 9307431221]]>
              </value>
            </param>
            <param index="9">
              <value>
                <![CDATA[9307431221]]>
              </value>
            </param>
            <param index="10">
              <value>
                <![CDATA[AMEY@outlook.in]]>
              </value>
            </param>
            <param index="11">
              <value>
                <![CDATA[0121]]>
              </value>
            </param>
            <param index="12">
              <value>
                <![CDATA[12:00PM]]>
              </value>
            </param>
            <param index="13">
              <value>
                <![CDATA[Residence]]>
              </value>
            </param>
            <param index="14">
              <value>
                <![CDATA[PUNE]]>
              </value>
            </param>
            <param index="15">
              <value>
                <![CDATA[Office]]>
              </value>
            </param>
            <param index="16">
              <value>
                <![CDATA[MUMBAI]]>
              </value>
            </param>
            <param index="17">
              <value>
                <![CDATA[No]]>
              </value>
            </param>
            <param index="18">
              <value>
                <![CDATA[No]]>
              </value>
            </param>
            <param index="19">
              <value>
                <![CDATA[rdoCash]]>
              </value>
            </param>
            <param index="20">
              <value>
                <![CDATA[SWIFT DEZIRE]]>
              </value>
            </param>
            <param index="21">
              <value>
                <![CDATA[LOCAL]]>
              </value>
            </param>
            <param index="22">
              <value>
                <![CDATA[4HRS 40KMS]]>
              </value>
            </param>
            <param index="23">
              <value>
                <![CDATA[Vendor]]>
              </value>
            </param>
            <param index="24">
              <value>
                <![CDATA[AN-01-AS-2323 ( SWIFT DEZIRE )]]>
              </value>
            </param>
            <param index="25">
              <value>
                <![CDATA[sa]]>
              </value>
            </param>
            <param index="26">
              <value>
                <![CDATA[SABER S]]>
              </value>
            </param>
          </params>
          <reporter-output>
          </reporter-output>
        </test-method> <!-- bookData -->
        <test-method status="FAIL" signature="bookData(java.lang.String, java.lang.String, java.lang.String, java.lang.String, java.lang.String, java.lang.String, java.lang.String, java.lang.String, java.lang.String, java.lang.String, java.lang.String, java.lang.String, java.lang.String, java.lang.String, java.lang.String, java.lang.String, java.lang.String, java.lang.String, java.lang.String, java.lang.String, java.lang.String, java.lang.String, java.lang.String, java.lang.String, java.lang.String, java.lang.String, java.lang.String)[pri:0, instance:co.qa.testCase.GeneralTest@3bfdc050]" name="bookData" duration-ms="133275" started-at="2021-01-08T10:40:38Z" description="Perform Booking" data-provider="BookingMode" finished-at="2021-01-08T10:42:52Z">
          <params>
            <param index="0">
              <value>
                <![CDATA[abc]]>
              </value>
            </param>
            <param index="1">
              <value>
                <![CDATA[ABC INDIA PVT. LTD.(AIPL)]]>
              </value>
            </param>
            <param index="2">
              <value>
                <![CDATA[PUNE]]>
              </value>
            </param>
            <param index="3">
              <value>
                <![CDATA[Online]]>
              </value>
            </param>
            <param index="4">
              <value>
                <![CDATA[Rajesh]]>
              </value>
            </param>
            <param index="5">
              <value>
                <![CDATA[9001510216]]>
              </value>
            </param>
            <param index="6">
              <value>
                <![CDATA[rajesh@test.in]]>
              </value>
            </param>
            <param index="7">
              <value>
                <![CDATA[AM]]>
              </value>
            </param>
            <param index="8">
              <value>
                <![CDATA[AMEY 9307431221]]>
              </value>
            </param>
            <param index="9">
              <value>
                <![CDATA[9307431221]]>
              </value>
            </param>
            <param index="10">
              <value>
                <![CDATA[AMEY@outlook.in]]>
              </value>
            </param>
            <param index="11">
              <value>
                <![CDATA[0122]]>
              </value>
            </param>
            <param index="12">
              <value>
                <![CDATA[12:00PM]]>
              </value>
            </param>
            <param index="13">
              <value>
                <![CDATA[Residence]]>
              </value>
            </param>
            <param index="14">
              <value>
                <![CDATA[PUNE]]>
              </value>
            </param>
            <param index="15">
              <value>
                <![CDATA[Office]]>
              </value>
            </param>
            <param index="16">
              <value>
                <![CDATA[MUMBAI]]>
              </value>
            </param>
            <param index="17">
              <value>
                <![CDATA[No]]>
              </value>
            </param>
            <param index="18">
              <value>
                <![CDATA[No]]>
              </value>
            </param>
            <param index="19">
              <value>
                <![CDATA[rdoCash]]>
              </value>
            </param>
            <param index="20">
              <value>
                <![CDATA[ERTIGA]]>
              </value>
            </param>
            <param index="21">
              <value>
                <![CDATA[LOCAL]]>
              </value>
            </param>
            <param index="22">
              <value>
                <![CDATA[4HRS 40KMS]]>
              </value>
            </param>
            <param index="23">
              <value>
                <![CDATA[Self]]>
              </value>
            </param>
            <param index="24">
              <value>
                <![CDATA[MH-12-SA-1000 ( ERTIGA )]]>
              </value>
            </param>
            <param index="25">
              <value>
                <![CDATA[as]]>
              </value>
            </param>
            <param index="26">
              <value>
                <![CDATA[AKID / Asif Tashildar]]>
              </value>
            </param>
          </params>
          <exception class="org.openqa.selenium.NoSuchElementException">
            <message>
              <![CDATA[Cannot locate element with text: MH-12-SA-1000 ( ERTIGA )For documentation on this error, please visit: http://seleniumhq.org/exceptions/no_such_element.htmlBuild info: version: '2.53.0', revision: '35ae25b1534ae328c771e0856c93e187490ca824', time: '2016-03-15 10:43:46'System info: host: 'LAPTOP-VGLTBCK9', ip: '192.168.43.227', os.name: 'Windows 10', os.arch: 'amd64', os.version: '10.0', java.version: '1.8.0_221'Driver info: driver.version: unknown]]>
            </message>
            <full-stacktrace>
              <![CDATA[org.openqa.selenium.NoSuchElementException: Cannot locate element with text: MH-12-SA-1000 ( ERTIGA )For documentation on this error, please visit: http://seleniumhq.org/exceptions/no_such_element.htmlBuild info: version: '2.53.0', revision: '35ae25b1534ae328c771e0856c93e187490ca824', time: '2016-03-15 10:43:46'System info: host: 'LAPTOP-VGLTBCK9', ip: '192.168.43.227', os.name: 'Windows 10', os.arch: 'amd64', os.version: '10.0', java.version: '1.8.0_221'Driver info: driver.version: unknownat org.openqa.selenium.support.ui.Select.selectByVisibleText(Select.java:150)at co.qa.pageObject.BookingPage.setchooseVehicleNu(BookingPage.java:378)at co.qa.testCase.GeneralTest.bookData(GeneralTest.java:222)at sun.reflect.NativeMethodAccessorImpl.invoke0(Native Method)at sun.reflect.NativeMethodAccessorImpl.invoke(NativeMethodAccessorImpl.java:62)at sun.reflect.DelegatingMethodAccessorImpl.invoke(DelegatingMethodAccessorImpl.java:43)at java.lang.reflect.Method.invoke(Method.java:498)at org.testng.internal.MethodInvocationHelper.invokeMethod(MethodInvocationHelper.java:124)at org.testng.internal.Invoker.invokeMethod(Invoker.java:571)at org.testng.internal.Invoker.invokeTestMethod(Invoker.java:707)at org.testng.internal.Invoker.invokeTestMethods(Invoker.java:979)at org.testng.internal.TestMethodWorker.invokeTestMethods(TestMethodWorker.java:125)at org.testng.internal.TestMethodWorker.run(TestMethodWorker.java:109)at org.testng.TestRunner.privateRun(TestRunner.java:648)at org.testng.TestRunner.run(TestRunner.java:505)at org.testng.SuiteRunner.runTest(SuiteRunner.java:455)at org.testng.SuiteRunner.runSequentially(SuiteRunner.java:450)at org.testng.SuiteRunner.privateRun(SuiteRunner.java:415)at org.testng.SuiteRunner.run(SuiteRunner.java:364)at org.testng.SuiteRunnerWorker.runSuite(SuiteRunnerWorker.java:52)at org.testng.SuiteRunnerWorker.run(SuiteRunnerWorker.java:84)at org.testng.TestNG.runSuitesSequentially(TestNG.java:1187)at org.testng.TestNG.runSuitesLocally(TestNG.java:1116)at org.testng.TestNG.runSuites(TestNG.java:1028)at org.testng.TestNG.run(TestNG.java:996)at org.testng.remote.AbstractRemoteTestNG.run(AbstractRemoteTestNG.java:114)at org.testng.remote.RemoteTestNG.initAndRun(RemoteTestNG.java:251)at org.testng.remote.RemoteTestNG.main(RemoteTestNG.java:77)]]>
            </full-stacktrace>
          </exception> <!-- org.openqa.selenium.NoSuchElementException -->
          <reporter-output>
          </reporter-output>
        </test-method> <!-- bookData -->
        <test-method status="FAIL" signature="bookData(java.lang.String, java.lang.String, java.lang.String, java.lang.String, java.lang.String, java.lang.String, java.lang.String, java.lang.String, java.lang.String, java.lang.String, java.lang.String, java.lang.String, java.lang.String, java.lang.String, java.lang.String, java.lang.String, java.lang.String, java.lang.String, java.lang.String, java.lang.String, java.lang.String, java.lang.String, java.lang.String, java.lang.String, java.lang.String, java.lang.String, java.lang.String)[pri:0, instance:co.qa.testCase.GeneralTest@3bfdc050]" name="bookData" duration-ms="132963" started-at="2021-01-08T10:42:52Z" description="Perform Booking" data-provider="BookingMode" finished-at="2021-01-08T10:45:05Z">
          <params>
            <param index="0">
              <value>
                <![CDATA[abc]]>
              </value>
            </param>
            <param index="1">
              <value>
                <![CDATA[ABC INDIA PVT. LTD.(AIPL)]]>
              </value>
            </param>
            <param index="2">
              <value>
                <![CDATA[PUNE]]>
              </value>
            </param>
            <param index="3">
              <value>
                <![CDATA[Online]]>
              </value>
            </param>
            <param index="4">
              <value>
                <![CDATA[Rajesh]]>
              </value>
            </param>
            <param index="5">
              <value>
                <![CDATA[9001510216]]>
              </value>
            </param>
            <param index="6">
              <value>
                <![CDATA[rajesh@test.in]]>
              </value>
            </param>
            <param index="7">
              <value>
                <![CDATA[AM]]>
              </value>
            </param>
            <param index="8">
              <value>
                <![CDATA[AMEY 9307431221]]>
              </value>
            </param>
            <param index="9">
              <value>
                <![CDATA[9307431221]]>
              </value>
            </param>
            <param index="10">
              <value>
                <![CDATA[AMEY@outlook.in]]>
              </value>
            </param>
            <param index="11">
              <value>
                <![CDATA[0123]]>
              </value>
            </param>
            <param index="12">
              <value>
                <![CDATA[12:00PM]]>
              </value>
            </param>
            <param index="13">
              <value>
                <![CDATA[Residence]]>
              </value>
            </param>
            <param index="14">
              <value>
                <![CDATA[PUNE]]>
              </value>
            </param>
            <param index="15">
              <value>
                <![CDATA[Office]]>
              </value>
            </param>
            <param index="16">
              <value>
                <![CDATA[MUMBAI]]>
              </value>
            </param>
            <param index="17">
              <value>
                <![CDATA[No]]>
              </value>
            </param>
            <param index="18">
              <value>
                <![CDATA[No]]>
              </value>
            </param>
            <param index="19">
              <value>
                <![CDATA[rdoCash]]>
              </value>
            </param>
            <param index="20">
              <value>
                <![CDATA[SWIFT DEZIRE]]>
              </value>
            </param>
            <param index="21">
              <value>
                <![CDATA[LOCAL]]>
              </value>
            </param>
            <param index="22">
              <value>
                <![CDATA[4HRS 40KMS]]>
              </value>
            </param>
            <param index="23">
              <value>
                <![CDATA[Self]]>
              </value>
            </param>
            <param index="24">
              <value>
                <![CDATA[MH-12-SA-4000 ( SWIFT DEZIRE )]]>
              </value>
            </param>
            <param index="25">
              <value>
                <![CDATA[sa]]>
              </value>
            </param>
            <param index="26">
              <value>
                <![CDATA[SALMAN K]]>
              </value>
            </param>
          </params>
          <exception class="org.openqa.selenium.NoSuchElementException">
            <message>
              <![CDATA[Cannot locate element with text: MH-12-SA-4000 ( SWIFT DEZIRE )For documentation on this error, please visit: http://seleniumhq.org/exceptions/no_such_element.htmlBuild info: version: '2.53.0', revision: '35ae25b1534ae328c771e0856c93e187490ca824', time: '2016-03-15 10:43:46'System info: host: 'LAPTOP-VGLTBCK9', ip: '192.168.43.227', os.name: 'Windows 10', os.arch: 'amd64', os.version: '10.0', java.version: '1.8.0_221'Driver info: driver.version: unknown]]>
            </message>
            <full-stacktrace>
              <![CDATA[org.openqa.selenium.NoSuchElementException: Cannot locate element with text: MH-12-SA-4000 ( SWIFT DEZIRE )For documentation on this error, please visit: http://seleniumhq.org/exceptions/no_such_element.htmlBuild info: version: '2.53.0', revision: '35ae25b1534ae328c771e0856c93e187490ca824', time: '2016-03-15 10:43:46'System info: host: 'LAPTOP-VGLTBCK9', ip: '192.168.43.227', os.name: 'Windows 10', os.arch: 'amd64', os.version: '10.0', java.version: '1.8.0_221'Driver info: driver.version: unknownat org.openqa.selenium.support.ui.Select.selectByVisibleText(Select.java:150)at co.qa.pageObject.BookingPage.setchooseVehicleNu(BookingPage.java:378)at co.qa.testCase.GeneralTest.bookData(GeneralTest.java:222)at sun.reflect.NativeMethodAccessorImpl.invoke0(Native Method)at sun.reflect.NativeMethodAccessorImpl.invoke(NativeMethodAccessorImpl.java:62)at sun.reflect.DelegatingMethodAccessorImpl.invoke(DelegatingMethodAccessorImpl.java:43)at java.lang.reflect.Method.invoke(Method.java:498)at org.testng.internal.MethodInvocationHelper.invokeMethod(MethodInvocationHelper.java:124)at org.testng.internal.Invoker.invokeMethod(Invoker.java:571)at org.testng.internal.Invoker.invokeTestMethod(Invoker.java:707)at org.testng.internal.Invoker.invokeTestMethods(Invoker.java:979)at org.testng.internal.TestMethodWorker.invokeTestMethods(TestMethodWorker.java:125)at org.testng.internal.TestMethodWorker.run(TestMethodWorker.java:109)at org.testng.TestRunner.privateRun(TestRunner.java:648)at org.testng.TestRunner.run(TestRunner.java:505)at org.testng.SuiteRunner.runTest(SuiteRunner.java:455)at org.testng.SuiteRunner.runSequentially(SuiteRunner.java:450)at org.testng.SuiteRunner.privateRun(SuiteRunner.java:415)at org.testng.SuiteRunner.run(SuiteRunner.java:364)at org.testng.SuiteRunnerWorker.runSuite(SuiteRunnerWorker.java:52)at org.testng.SuiteRunnerWorker.run(SuiteRunnerWorker.java:84)at org.testng.TestNG.runSuitesSequentially(TestNG.java:1187)at org.testng.TestNG.runSuitesLocally(TestNG.java:1116)at org.testng.TestNG.runSuites(TestNG.java:1028)at org.testng.TestNG.run(TestNG.java:996)at org.testng.remote.AbstractRemoteTestNG.run(AbstractRemoteTestNG.java:114)at org.testng.remote.RemoteTestNG.initAndRun(RemoteTestNG.java:251)at org.testng.remote.RemoteTestNG.main(RemoteTestNG.java:77)]]>
            </full-stacktrace>
          </exception> <!-- org.openqa.selenium.NoSuchElementException -->
          <reporter-output>
          </reporter-output>
        </test-method> <!-- bookData -->
        <test-method status="FAIL" signature="bookData(java.lang.String, java.lang.String, java.lang.String, java.lang.String, java.lang.String, java.lang.String, java.lang.String, java.lang.String, java.lang.String, java.lang.String, java.lang.String, java.lang.String, java.lang.String, java.lang.String, java.lang.String, java.lang.String, java.lang.String, java.lang.String, java.lang.String, java.lang.String, java.lang.String, java.lang.String, java.lang.String, java.lang.String, java.lang.String, java.lang.String, java.lang.String)[pri:0, instance:co.qa.testCase.GeneralTest@3bfdc050]" name="bookData" duration-ms="132025" started-at="2021-01-08T10:45:05Z" description="Perform Booking" data-provider="BookingMode" finished-at="2021-01-08T10:47:17Z">
          <params>
            <param index="0">
              <value>
                <![CDATA[abc]]>
              </value>
            </param>
            <param index="1">
              <value>
                <![CDATA[ABC INDIA PVT. LTD.(AIPL)]]>
              </value>
            </param>
            <param index="2">
              <value>
                <![CDATA[PUNE]]>
              </value>
            </param>
            <param index="3">
              <value>
                <![CDATA[Online]]>
              </value>
            </param>
            <param index="4">
              <value>
                <![CDATA[Rajesh]]>
              </value>
            </param>
            <param index="5">
              <value>
                <![CDATA[9001510216]]>
              </value>
            </param>
            <param index="6">
              <value>
                <![CDATA[rajesh@test.in]]>
              </value>
            </param>
            <param index="7">
              <value>
                <![CDATA[AM]]>
              </value>
            </param>
            <param index="8">
              <value>
                <![CDATA[AMEY 9307431221]]>
              </value>
            </param>
            <param index="9">
              <value>
                <![CDATA[9307431221]]>
              </value>
            </param>
            <param index="10">
              <value>
                <![CDATA[AMEY@outlook.in]]>
              </value>
            </param>
            <param index="11">
              <value>
                <![CDATA[0124]]>
              </value>
            </param>
            <param index="12">
              <value>
                <![CDATA[12:00PM]]>
              </value>
            </param>
            <param index="13">
              <value>
                <![CDATA[Residence]]>
              </value>
            </param>
            <param index="14">
              <value>
                <![CDATA[PUNE]]>
              </value>
            </param>
            <param index="15">
              <value>
                <![CDATA[Office]]>
              </value>
            </param>
            <param index="16">
              <value>
                <![CDATA[MUMBAI]]>
              </value>
            </param>
            <param index="17">
              <value>
                <![CDATA[No]]>
              </value>
            </param>
            <param index="18">
              <value>
                <![CDATA[No]]>
              </value>
            </param>
            <param index="19">
              <value>
                <![CDATA[rdoCash]]>
              </value>
            </param>
            <param index="20">
              <value>
                <![CDATA[SWIFT DEZIRE]]>
              </value>
            </param>
            <param index="21">
              <value>
                <![CDATA[LOCAL]]>
              </value>
            </param>
            <param index="22">
              <value>
                <![CDATA[4HRS 40KMS]]>
              </value>
            </param>
            <param index="23">
              <value>
                <![CDATA[Self]]>
              </value>
            </param>
            <param index="24">
              <value>
                <![CDATA[MH-12-CB-2644 ( SWIFT DEZIRE )]]>
              </value>
            </param>
            <param index="25">
              <value>
                <![CDATA[sa]]>
              </value>
            </param>
            <param index="26">
              <value>
                <![CDATA[SAKID / Rajmudra]]>
              </value>
            </param>
          </params>
          <exception class="org.openqa.selenium.NoSuchElementException">
            <message>
              <![CDATA[Cannot locate element with text: MH-12-CB-2644 ( SWIFT DEZIRE )For documentation on this error, please visit: http://seleniumhq.org/exceptions/no_such_element.htmlBuild info: version: '2.53.0', revision: '35ae25b1534ae328c771e0856c93e187490ca824', time: '2016-03-15 10:43:46'System info: host: 'LAPTOP-VGLTBCK9', ip: '192.168.43.227', os.name: 'Windows 10', os.arch: 'amd64', os.version: '10.0', java.version: '1.8.0_221'Driver info: driver.version: unknown]]>
            </message>
            <full-stacktrace>
              <![CDATA[org.openqa.selenium.NoSuchElementException: Cannot locate element with text: MH-12-CB-2644 ( SWIFT DEZIRE )For documentation on this error, please visit: http://seleniumhq.org/exceptions/no_such_element.htmlBuild info: version: '2.53.0', revision: '35ae25b1534ae328c771e0856c93e187490ca824', time: '2016-03-15 10:43:46'System info: host: 'LAPTOP-VGLTBCK9', ip: '192.168.43.227', os.name: 'Windows 10', os.arch: 'amd64', os.version: '10.0', java.version: '1.8.0_221'Driver info: driver.version: unknownat org.openqa.selenium.support.ui.Select.selectByVisibleText(Select.java:150)at co.qa.pageObject.BookingPage.setchooseVehicleNu(BookingPage.java:378)at co.qa.testCase.GeneralTest.bookData(GeneralTest.java:222)at sun.reflect.NativeMethodAccessorImpl.invoke0(Native Method)at sun.reflect.NativeMethodAccessorImpl.invoke(NativeMethodAccessorImpl.java:62)at sun.reflect.DelegatingMethodAccessorImpl.invoke(DelegatingMethodAccessorImpl.java:43)at java.lang.reflect.Method.invoke(Method.java:498)at org.testng.internal.MethodInvocationHelper.invokeMethod(MethodInvocationHelper.java:124)at org.testng.internal.Invoker.invokeMethod(Invoker.java:571)at org.testng.internal.Invoker.invokeTestMethod(Invoker.java:707)at org.testng.internal.Invoker.invokeTestMethods(Invoker.java:979)at org.testng.internal.TestMethodWorker.invokeTestMethods(TestMethodWorker.java:125)at org.testng.internal.TestMethodWorker.run(TestMethodWorker.java:109)at org.testng.TestRunner.privateRun(TestRunner.java:648)at org.testng.TestRunner.run(TestRunner.java:505)at org.testng.SuiteRunner.runTest(SuiteRunner.java:455)at org.testng.SuiteRunner.runSequentially(SuiteRunner.java:450)at org.testng.SuiteRunner.privateRun(SuiteRunner.java:415)at org.testng.SuiteRunner.run(SuiteRunner.java:364)at org.testng.SuiteRunnerWorker.runSuite(SuiteRunnerWorker.java:52)at org.testng.SuiteRunnerWorker.run(SuiteRunnerWorker.java:84)at org.testng.TestNG.runSuitesSequentially(TestNG.java:1187)at org.testng.TestNG.runSuitesLocally(TestNG.java:1116)at org.testng.TestNG.runSuites(TestNG.java:1028)at org.testng.TestNG.run(TestNG.java:996)at org.testng.remote.AbstractRemoteTestNG.run(AbstractRemoteTestNG.java:114)at org.testng.remote.RemoteTestNG.initAndRun(RemoteTestNG.java:251)at org.testng.remote.RemoteTestNG.main(RemoteTestNG.java:77)]]>
            </full-stacktrace>
          </exception> <!-- org.openqa.selenium.NoSuchElementException -->
          <reporter-output>
          </reporter-output>
        </test-method> <!-- bookData -->
        <test-method status="PASS" signature="bookData(java.lang.String, java.lang.String, java.lang.String, java.lang.String, java.lang.String, java.lang.String, java.lang.String, java.lang.String, java.lang.String, java.lang.String, java.lang.String, java.lang.String, java.lang.String, java.lang.String, java.lang.String, java.lang.String, java.lang.String, java.lang.String, java.lang.String, java.lang.String, java.lang.String, java.lang.String, java.lang.String, java.lang.String, java.lang.String, java.lang.String, java.lang.String)[pri:0, instance:co.qa.testCase.GeneralTest@3bfdc050]" name="bookData" duration-ms="166496" started-at="2021-01-08T10:47:17Z" description="Perform Booking" data-provider="BookingMode" finished-at="2021-01-08T10:50:03Z">
          <params>
            <param index="0">
              <value>
                <![CDATA[abc]]>
              </value>
            </param>
            <param index="1">
              <value>
                <![CDATA[ABC INDIA PVT. LTD.(AIPL)]]>
              </value>
            </param>
            <param index="2">
              <value>
                <![CDATA[PUNE]]>
              </value>
            </param>
            <param index="3">
              <value>
                <![CDATA[Online]]>
              </value>
            </param>
            <param index="4">
              <value>
                <![CDATA[Rajesh]]>
              </value>
            </param>
            <param index="5">
              <value>
                <![CDATA[9001510216]]>
              </value>
            </param>
            <param index="6">
              <value>
                <![CDATA[rajesh@test.in]]>
              </value>
            </param>
            <param index="7">
              <value>
                <![CDATA[AM]]>
              </value>
            </param>
            <param index="8">
              <value>
                <![CDATA[AMEY 9307431221]]>
              </value>
            </param>
            <param index="9">
              <value>
                <![CDATA[9307431221]]>
              </value>
            </param>
            <param index="10">
              <value>
                <![CDATA[AMEY@outlook.in]]>
              </value>
            </param>
            <param index="11">
              <value>
                <![CDATA[0125]]>
              </value>
            </param>
            <param index="12">
              <value>
                <![CDATA[12:00PM]]>
              </value>
            </param>
            <param index="13">
              <value>
                <![CDATA[Residence]]>
              </value>
            </param>
            <param index="14">
              <value>
                <![CDATA[PUNE]]>
              </value>
            </param>
            <param index="15">
              <value>
                <![CDATA[Office]]>
              </value>
            </param>
            <param index="16">
              <value>
                <![CDATA[MUMBAI]]>
              </value>
            </param>
            <param index="17">
              <value>
                <![CDATA[No]]>
              </value>
            </param>
            <param index="18">
              <value>
                <![CDATA[No]]>
              </value>
            </param>
            <param index="19">
              <value>
                <![CDATA[rdoCash]]>
              </value>
            </param>
            <param index="20">
              <value>
                <![CDATA[SWIFT DEZIRE]]>
              </value>
            </param>
            <param index="21">
              <value>
                <![CDATA[LOCAL]]>
              </value>
            </param>
            <param index="22">
              <value>
                <![CDATA[4HRS 40KMS]]>
              </value>
            </param>
            <param index="23">
              <value>
                <![CDATA[Vendor]]>
              </value>
            </param>
            <param index="24">
              <value>
                <![CDATA[MH-12-SA-2000 ( SWIFT DEZIRE )]]>
              </value>
            </param>
            <param index="25">
              <value>
                <![CDATA[ki]]>
              </value>
            </param>
            <param index="26">
              <value>
                <![CDATA[KIRAN SONAWANE / Vikas T]]>
              </value>
            </param>
          </params>
          <reporter-output>
          </reporter-output>
        </test-method> <!-- bookData -->
      </class> <!-- co.qa.testCase.GeneralTest -->
    </test> <!-- loginTest -->
  </suite> <!-- MyFleet -->
</testng-results>
